PA8Functions.obj : error LNK2001: unresolved external symbol "public: static class sf::RenderStates const sf::RenderStates::Default" (?Default@RenderStates@sf@@2V12@B)
PA8Functions.obj : error LNK2001: unresolved external symbol "public: static class sf::Color const sf::Color::White" (?White@Color@sf@@2V12@B)
PA8Functions.obj : error LNK2001: unresolved external symbol "public: static class sf::Color const sf::Color::Black" (?Black@Color@sf@@2V12@B)
sfml-window-s.lib(InputImpl.cpp.obj) : error LNK2001: unresolved external symbol __imp__GetAsyncKeyState@4
sfml-window-s.lib(InputImpl.cpp.obj) : error LNK2001: unresolved external symbol __imp__GetSystemMetrics@4
sfml-window-s.lib(InputImpl.cpp.obj) : error LNK2001: unresolved external symbol __imp__SetCursorPos@8
sfml-window-s.lib(InputImpl.cpp.obj) : error LNK2001: unresolved external symbol __imp__GetCursorPos@4
sfml-window-s.lib(InputImpl.cpp.obj) : error LNK2001: unresolved external symbol __imp__ClientToScreen@8
sfml-window-s.lib(InputImpl.cpp.obj) : error LNK2001: unresolved external symbol __imp__ScreenToClient@8
sfml-window-s.lib(WindowImplWin32.cpp.obj) : error LNK2001: unresolved external symbol __imp__ScreenToClient@8
sfml-window-s.lib(VideoModeImpl.cpp.obj) : error LNK2001: unresolved external symbol __imp__EnumDisplaySettingsW@12
sfml-window-s.lib(CursorImpl.cpp.obj) : error LNK2001: unresolved external symbol __imp__GetDC@4
sfml-window-s.lib(WglContext.cpp.obj) : error LNK2001: unresolved external symbol __imp__GetDC@4
sfml-window-s.lib(WindowImplWin32.cpp.obj) : error LNK2001: unresolved external symbol __imp__GetDC@4
sfml-window-s.lib(CursorImpl.cpp.obj) : error LNK2001: unresolved external symbol __imp__ReleaseDC@8
sfml-window-s.lib(WglContext.cpp.obj) : error LNK2001: unresolved external symbol __imp__ReleaseDC@8
sfml-window-s.lib(WindowImplWin32.cpp.obj) : error LNK2001: unresolved external symbol __imp__ReleaseDC@8
sfml-window-s.lib(CursorImpl.cpp.obj) : error LNK2001: unresolved external symbol __imp__LoadCursorW@8
sfml-window-s.lib(WindowImplWin32.cpp.obj) : error LNK2001: unresolved external symbol __imp__LoadCursorW@8
sfml-window-s.lib(CursorImpl.cpp.obj) : error LNK2001: unresolved external symbol __imp__DestroyCursor@4
sfml-window-s.lib(CursorImpl.cpp.obj) : error LNK2001: unresolved external symbol __imp__CreateIconIndirect@4
sfml-window-s.lib(CursorImpl.cpp.obj) : error LNK2001: unresolved external symbol __imp__CopyIcon@4
sfml-window-s.lib(WglContext.cpp.obj) : error LNK2001: unresolved external symbol __imp__CreateWindowExA@48
sfml-window-s.lib(WglContext.cpp.obj) : error LNK2001: unresolved external symbol __imp__DestroyWindow@4
sfml-window-s.lib(WindowImplWin32.cpp.obj) : error LNK2001: unresolved external symbol __imp__DestroyWindow@4
sfml-window-s.lib(WglContext.cpp.obj) : error LNK2001: unresolved external symbol __imp__ShowWindow@8
sfml-window-s.lib(WindowImplWin32.cpp.obj) : error LNK2001: unresolved external symbol __imp__ShowWindow@8
sfml-window-s.lib(WindowImplWin32.cpp.obj) : error LNK2001: unresolved external symbol __imp__TrackMouseEvent@4
sfml-window-s.lib(WindowImplWin32.cpp.obj) : error LNK2001: unresolved external symbol __imp__TranslateMessage@4
sfml-window-s.lib(WindowImplWin32.cpp.obj) : error LNK2001: unresolved external symbol __imp__DispatchMessageW@4
sfml-window-s.lib(WindowImplWin32.cpp.obj) : error LNK2001: unresolved external symbol __imp__PeekMessageW@20
sfml-window-s.lib(WindowImplWin32.cpp.obj) : error LNK2001: unresolved external symbol __imp__SendMessageW@16
sfml-window-s.lib(WindowImplWin32.cpp.obj) : error LNK2001: unresolved external symbol __imp__RegisterDeviceNotificationW@12
sfml-window-s.lib(WindowImplWin32.cpp.obj) : error LNK2001: unresolved external symbol __imp__DefWindowProcW@16
sfml-window-s.lib(WindowImplWin32.cpp.obj) : error LNK2001: unresolved external symbol __imp__CallWindowProcW@20
sfml-window-s.lib(WindowImplWin32.cpp.obj) : error LNK2001: unresolved external symbol __imp__RegisterClassW@4
sfml-window-s.lib(WindowImplWin32.cpp.obj) : error LNK2001: unresolved external symbol __imp__UnregisterClassW@8
sfml-window-s.lib(WindowImplWin32.cpp.obj) : error LNK2001: unresolved external symbol __imp__CreateWindowExW@48
sfml-window-s.lib(WindowImplWin32.cpp.obj) : error LNK2001: unresolved external symbol __imp__FlashWindowEx@4
sfml-window-s.lib(WindowImplWin32.cpp.obj) : error LNK2001: unresolved external symbol __imp__SetWindowPos@28
sfml-window-s.lib(WindowImplWin32.cpp.obj) : error LNK2001: unresolved external symbol __imp__GetKeyState@4
sfml-window-s.lib(WindowImplWin32.cpp.obj) : error LNK2001: unresolved external symbol __imp__MapVirtualKeyW@8
sfml-window-s.lib(WindowImplWin32.cpp.obj) : error LNK2001: unresolved external symbol __imp__GetCapture@0
sfml-window-s.lib(WindowImplWin32.cpp.obj) : error LNK2001: unresolved external symbol __imp__SetCapture@4
sfml-window-s.lib(WindowImplWin32.cpp.obj) : error LNK2001: unresolved external symbol __imp__ReleaseCapture@0
sfml-window-s.lib(WindowImplWin32.cpp.obj) : error LNK2001: unresolved external symbol __imp__GetForegroundWindow@0
sfml-window-s.lib(WindowImplWin32.cpp.obj) : error LNK2001: unresolved external symbol __imp__SetForegroundWindow@4
sfml-window-s.lib(WindowImplWin32.cpp.obj) : error LNK2001: unresolved external symbol __imp__SetWindowTextW@8
sfml-window-s.lib(WindowImplWin32.cpp.obj) : error LNK2001: unresolved external symbol __imp__GetClientRect@8
sfml-window-s.lib(WindowImplWin32.cpp.obj) : error LNK2001: unresolved external symbol __imp__GetWindowRect@8
sfml-window-s.lib(WindowImplWin32.cpp.obj) : error LNK2001: unresolved external symbol __imp__AdjustWindowRect@12
sfml-window-s.lib(WindowImplWin32.cpp.obj) : error LNK2001: unresolved external symbol __imp__ShowCursor@4
sfml-window-s.lib(WindowImplWin32.cpp.obj) : error LNK2001: unresolved external symbol __imp__SetCursor@4
sfml-window-s.lib(WindowImplWin32.cpp.obj) : error LNK2001: unresolved external symbol __imp__MapWindowPoints@16
sfml-window-s.lib(WindowImplWin32.cpp.obj) : error LNK2001: unresolved external symbol __imp__ClipCursor@4
sfml-window-s.lib(WindowImplWin32.cpp.obj) : error LNK2001: unresolved external symbol __imp__GetWindowLongW@8
sfml-window-s.lib(WindowImplWin32.cpp.obj) : error LNK2001: unresolved external symbol __imp__SetWindowLongW@12
sfml-window-s.lib(WindowImplWin32.cpp.obj) : error LNK2001: unresolved external symbol __imp__GetWindowThreadProcessId@8
sfml-window-s.lib(WindowImplWin32.cpp.obj) : error LNK2001: unresolved external symbol __imp__CreateIcon@28
sfml-window-s.lib(WindowImplWin32.cpp.obj) : error LNK2001: unresolved external symbol __imp__DestroyIcon@4
sfml-window-s.lib(WindowImplWin32.cpp.obj) : error LNK2001: unresolved external symbol __imp__ChangeDisplaySettingsW@8
sfml-window-s.lib(JoystickImpl.cpp.obj) : error LNK2001: unresolved external symbol __imp__RegCloseKey@4
sfml-window-s.lib(JoystickImpl.cpp.obj) : error LNK2001: unresolved external symbol __imp__RegOpenKeyExW@20
sfml-window-s.lib(JoystickImpl.cpp.obj) : error LNK2001: unresolved external symbol __imp__RegQueryValueExW@24
C:\Users\mike2\source\repos\PA8\Release\PA8.exe : fatal error LNK1120: 56 unresolved externals
